0 info it worked if it ends with ok
1 verbose cli [ 'C:\\Program Files\\nodejs\\\\node.exe',
1 verbose cli   'C:\\Program Files\\nodejs\\node_modules\\npm\\bin\\npm-cli.js',
1 verbose cli   'install' ]
2 info using npm@1.4.28
3 info using node@v0.10.32
4 verbose node symlink C:\Program Files\nodejs\\node.exe
5 verbose readDependencies using package.json deps
6 verbose install where, deps [ 'C:\\Users\\ATodorov\\Desktop\\blast.js',
6 verbose install   [ 'jsdom',
6 verbose install     'chai',
6 verbose install     'mocha',
6 verbose install     'cheetah.js',
6 verbose install     'requirejs',
6 verbose install     'grunt',
6 verbose install     'grunt-contrib-jshint',
6 verbose install     'grunt-contrib-uglify',
6 verbose install     'grunt-mocha-test',
6 verbose install     'time-grunt',
6 verbose install     'load-grunt-tasks',
6 verbose install     'jshint-stylish' ] ]
7 info preinstall blast@0.1.0
8 verbose readDependencies using package.json deps
9 verbose already installed skipping jsdom@1.0.2 C:\Users\ATodorov\Desktop\blast.js
10 verbose already installed skipping chai@* C:\Users\ATodorov\Desktop\blast.js
11 verbose already installed skipping mocha@* C:\Users\ATodorov\Desktop\blast.js
12 verbose cache add [ 'cheetah.js@*', null ]
13 verbose cache add name=undefined spec="cheetah.js@*" args=["cheetah.js@*",null]
14 verbose parsed url { protocol: null,
14 verbose parsed url   slashes: null,
14 verbose parsed url   auth: null,
14 verbose parsed url   host: null,
14 verbose parsed url   port: null,
14 verbose parsed url   hostname: null,
14 verbose parsed url   hash: null,
14 verbose parsed url   search: null,
14 verbose parsed url   query: null,
14 verbose parsed url   pathname: 'cheetah.js@*',
14 verbose parsed url   path: 'cheetah.js@*',
14 verbose parsed url   href: 'cheetah.js@*' }
15 verbose already installed skipping requirejs@* C:\Users\ATodorov\Desktop\blast.js
16 verbose already installed skipping grunt@~0.4.5 C:\Users\ATodorov\Desktop\blast.js
17 verbose already installed skipping grunt-contrib-jshint@~0.10.0 C:\Users\ATodorov\Desktop\blast.js
18 verbose already installed skipping grunt-contrib-uglify@~0.5.0 C:\Users\ATodorov\Desktop\blast.js
19 verbose already installed skipping grunt-mocha-test@* C:\Users\ATodorov\Desktop\blast.js
20 verbose already installed skipping time-grunt@~0.1.1 C:\Users\ATodorov\Desktop\blast.js
21 verbose already installed skipping load-grunt-tasks@~0.1.0 C:\Users\ATodorov\Desktop\blast.js
22 verbose already installed skipping jshint-stylish@~0.1.4 C:\Users\ATodorov\Desktop\blast.js
23 verbose cache add name="cheetah.js" spec="*" args=["cheetah.js","*"]
24 verbose parsed url { protocol: null,
24 verbose parsed url   slashes: null,
24 verbose parsed url   auth: null,
24 verbose parsed url   host: null,
24 verbose parsed url   port: null,
24 verbose parsed url   hostname: null,
24 verbose parsed url   hash: null,
24 verbose parsed url   search: null,
24 verbose parsed url   query: null,
24 verbose parsed url   pathname: '*',
24 verbose parsed url   path: '*',
24 verbose parsed url   href: '*' }
25 verbose addNamed [ 'cheetah.js', '*' ]
26 verbose addNamed [ null, '*' ]
27 silly lockFile 42dbcf43-cheetah-js cheetah.js@*
28 verbose lock cheetah.js@* C:\Users\ATodorov\AppData\Roaming\npm-cache\42dbcf43-cheetah-js.lock
29 silly addNameRange { name: 'cheetah.js', range: '*', hasData: false }
30 verbose request where is /cheetah.js
31 verbose request registry https://registry.npmjs.org/
32 verbose request id 4e0f564b9e29ce8f
33 verbose url raw /cheetah.js
34 verbose url resolving [ 'https://registry.npmjs.org/', './cheetah.js' ]
35 verbose url resolved https://registry.npmjs.org/cheetah.js
36 verbose request where is https://registry.npmjs.org/cheetah.js
37 info trying registry request attempt 1 at 15:02:09
38 http GET https://registry.npmjs.org/cheetah.js
39 http 404 https://registry.npmjs.org/cheetah.js
40 verbose headers { date: 'Tue, 14 Oct 2014 12:02:14 GMT',
40 verbose headers   server: 'CouchDB/1.5.0 (Erlang OTP/R16B03)',
40 verbose headers   'content-type': 'application/json',
40 verbose headers   'cache-control': 'max-age=0',
40 verbose headers   'content-length': '52',
40 verbose headers   'accept-ranges': 'bytes',
40 verbose headers   via: '1.1 varnish',
40 verbose headers   age: '0',
40 verbose headers   'x-served-by': 'cache-iad2120-IAD',
40 verbose headers   'x-cache': 'MISS',
40 verbose headers   'x-cache-hits': '0',
40 verbose headers   'x-timer': 'S1413288134.921651,VS0,VE12',
40 verbose headers   'keep-alive': 'timeout=10, max=50',
40 verbose headers   connection: 'Keep-Alive' }
41 silly registry.get cb [ 404,
41 silly registry.get   { date: 'Tue, 14 Oct 2014 12:02:14 GMT',
41 silly registry.get     server: 'CouchDB/1.5.0 (Erlang OTP/R16B03)',
41 silly registry.get     'content-type': 'application/json',
41 silly registry.get     'cache-control': 'max-age=0',
41 silly registry.get     'content-length': '52',
41 silly registry.get     'accept-ranges': 'bytes',
41 silly registry.get     via: '1.1 varnish',
41 silly registry.get     age: '0',
41 silly registry.get     'x-served-by': 'cache-iad2120-IAD',
41 silly registry.get     'x-cache': 'MISS',
41 silly registry.get     'x-cache-hits': '0',
41 silly registry.get     'x-timer': 'S1413288134.921651,VS0,VE12',
41 silly registry.get     'keep-alive': 'timeout=10, max=50',
41 silly registry.get     connection: 'Keep-Alive' } ]
42 silly lockFile 42dbcf43-cheetah-js cheetah.js@*
43 silly lockFile 42dbcf43-cheetah-js cheetah.js@*
44 error 404 404 Not Found: cheetah.js
44 error 404
44 error 404 'cheetah.js' is not in the npm registry.
44 error 404 You should bug the author to publish it
44 error 404 It was specified as a dependency of 'blast'
44 error 404
44 error 404 Maybe try 'npm search cheetah'
44 error 404
44 error 404 Note that you can also install from a
44 error 404 tarball, folder, or http url, or git url.
45 error System Windows_NT 6.2.9200
46 error command "C:\\Program Files\\nodejs\\\\node.exe" "C:\\Program Files\\nodejs\\node_modules\\npm\\bin\\npm-cli.js" "install"
47 error cwd C:\Users\ATodorov\Desktop\blast.js
48 error node -v v0.10.32
49 error npm -v 1.4.28
50 error code E404
51 verbose exit [ 1, true ]
